CRITICAL - 2022-06-11 00:27:01 --> Undefined array key "if"
in APPPATH\Controllers\Backend\Auth\Login.php on line 31.
 1 APPPATH\Controllers\Backend\Auth\Login.php(31): CodeIgniter\Debug\Exceptions->errorHandler(2, 'Undefined array key "if"', 'APPPATH\\Controllers\\Backend\\Auth\\Login.php', 31)
 2 SYSTEMPATH\CodeIgniter.php(898): App\Controllers\Backend\Auth\Login->index()
 3 SYSTEMPATH\CodeIgniter.php(468): CodeIgniter\CodeIgniter->runController(Object(App\Controllers\Backend\Auth\Login))
 4 SYSTEMPATH\CodeIgniter.php(351): CodeIgniter\CodeIgniter->handleRequest(null, Object(Config\Cache), false)
 5 FCPATH\index.php(55): CodeIgniter\CodeIgniter->run()
 6 SYSTEMPATH\Commands\Server\rewrite.php(43): require_once('FCPATH\\index.php')
CRITICAL - 2022-06-11 00:29:33 --> Undefined array key "if"
in APPPATH\Controllers\Backend\Auth\Login.php on line 32.
 1 APPPATH\Controllers\Backend\Auth\Login.php(32): CodeIgniter\Debug\Exceptions->errorHandler(2, 'Undefined array key "if"', 'APPPATH\\Controllers\\Backend\\Auth\\Login.php', 32)
 2 SYSTEMPATH\CodeIgniter.php(898): App\Controllers\Backend\Auth\Login->index()
 3 SYSTEMPATH\CodeIgniter.php(468): CodeIgniter\CodeIgniter->runController(Object(App\Controllers\Backend\Auth\Login))
 4 SYSTEMPATH\CodeIgniter.php(351): CodeIgniter\CodeIgniter->handleRequest(null, Object(Config\Cache), false)
 5 FCPATH\index.php(55): CodeIgniter\CodeIgniter->run()
 6 SYSTEMPATH\Commands\Server\rewrite.php(43): require_once('FCPATH\\index.php')
CRITICAL - 2022-06-11 00:30:12 --> Undefined array key "if"
in APPPATH\Controllers\Backend\Auth\Login.php on line 32.
 1 APPPATH\Controllers\Backend\Auth\Login.php(32): CodeIgniter\Debug\Exceptions->errorHandler(2, 'Undefined array key "if"', 'APPPATH\\Controllers\\Backend\\Auth\\Login.php', 32)
 2 SYSTEMPATH\CodeIgniter.php(898): App\Controllers\Backend\Auth\Login->index()
 3 SYSTEMPATH\CodeIgniter.php(468): CodeIgniter\CodeIgniter->runController(Object(App\Controllers\Backend\Auth\Login))
 4 SYSTEMPATH\CodeIgniter.php(351): CodeIgniter\CodeIgniter->handleRequest(null, Object(Config\Cache), false)
 5 FCPATH\index.php(55): CodeIgniter\CodeIgniter->run()
 6 SYSTEMPATH\Commands\Server\rewrite.php(43): require_once('FCPATH\\index.php')
CRITICAL - 2022-06-11 00:43:59 --> Undefined property: App\Controllers\Backend\Auth\IsMe::$return
in APPPATH\Controllers\Backend\Auth\IsMe.php on line 31.
 1 APPPATH\Controllers\Backend\Auth\IsMe.php(31): CodeIgniter\Debug\Exceptions->errorHandler(2, 'Undefined property: App\\Controllers\\Backend\\Auth\\IsMe::$return', 'APPPATH\\Controllers\\Backend\\Auth\\IsMe.php', 31)
 2 SYSTEMPATH\CodeIgniter.php(898): App\Controllers\Backend\Auth\IsMe->index()
 3 SYSTEMPATH\CodeIgniter.php(468): CodeIgniter\CodeIgniter->runController(Object(App\Controllers\Backend\Auth\IsMe))
 4 SYSTEMPATH\CodeIgniter.php(351): CodeIgniter\CodeIgniter->handleRequest(null, Object(Config\Cache), false)
 5 FCPATH\index.php(55): CodeIgniter\CodeIgniter->run()
 6 SYSTEMPATH\Commands\Server\rewrite.php(43): require_once('FCPATH\\index.php')
CRITICAL - 2022-06-11 00:44:28 --> Undefined property: App\Controllers\Backend\Auth\IsMe::$return
in APPPATH\Controllers\Backend\Auth\IsMe.php on line 31.
 1 APPPATH\Controllers\Backend\Auth\IsMe.php(31): CodeIgniter\Debug\Exceptions->errorHandler(2, 'Undefined property: App\\Controllers\\Backend\\Auth\\IsMe::$return', 'APPPATH\\Controllers\\Backend\\Auth\\IsMe.php', 31)
 2 SYSTEMPATH\CodeIgniter.php(898): App\Controllers\Backend\Auth\IsMe->index()
 3 SYSTEMPATH\CodeIgniter.php(468): CodeIgniter\CodeIgniter->runController(Object(App\Controllers\Backend\Auth\IsMe))
 4 SYSTEMPATH\CodeIgniter.php(351): CodeIgniter\CodeIgniter->handleRequest(null, Object(Config\Cache), false)
 5 FCPATH\index.php(55): CodeIgniter\CodeIgniter->run()
 6 SYSTEMPATH\Commands\Server\rewrite.php(43): require_once('FCPATH\\index.php')
CRITICAL - 2022-06-11 00:44:48 --> Undefined property: App\Controllers\Backend\Auth\IsMe::$return
in APPPATH\Controllers\Backend\Auth\IsMe.php on line 31.
 1 APPPATH\Controllers\Backend\Auth\IsMe.php(31): CodeIgniter\Debug\Exceptions->errorHandler(2, 'Undefined property: App\\Controllers\\Backend\\Auth\\IsMe::$return', 'APPPATH\\Controllers\\Backend\\Auth\\IsMe.php', 31)
 2 SYSTEMPATH\CodeIgniter.php(898): App\Controllers\Backend\Auth\IsMe->index()
 3 SYSTEMPATH\CodeIgniter.php(468): CodeIgniter\CodeIgniter->runController(Object(App\Controllers\Backend\Auth\IsMe))
 4 SYSTEMPATH\CodeIgniter.php(351): CodeIgniter\CodeIgniter->handleRequest(null, Object(Config\Cache), false)
 5 FCPATH\index.php(55): CodeIgniter\CodeIgniter->run()
 6 SYSTEMPATH\Commands\Server\rewrite.php(43): require_once('FCPATH\\index.php')
CRITICAL - 2022-06-11 00:57:45 --> Undefined array key 3
in APPPATH\Controllers\Backend\Auth\IsMe.php on line 21.
 1 APPPATH\Controllers\Backend\Auth\IsMe.php(21): CodeIgniter\Debug\Exceptions->errorHandler(2, 'Undefined array key 3', 'APPPATH\\Controllers\\Backend\\Auth\\IsMe.php', 21)
 2 SYSTEMPATH\CodeIgniter.php(898): App\Controllers\Backend\Auth\IsMe->index()
 3 SYSTEMPATH\CodeIgniter.php(468): CodeIgniter\CodeIgniter->runController(Object(App\Controllers\Backend\Auth\IsMe))
 4 SYSTEMPATH\CodeIgniter.php(351): CodeIgniter\CodeIgniter->handleRequest(null, Object(Config\Cache), false)
 5 FCPATH\index.php(55): CodeIgniter\CodeIgniter->run()
 6 SYSTEMPATH\Commands\Server\rewrite.php(43): require_once('FCPATH\\index.php')
CRITICAL - 2022-06-11 01:33:29 --> "kid" empty, unable to lookup correct key
in VENDORPATH\firebase\php-jwt\src\JWT.php on line 433.
 1 VENDORPATH\firebase\php-jwt\src\JWT.php(128): Firebase\JWT\JWT::getKey('DQWDQWDQWFQWDQWFQWEQWGERG3R34R324T34G3WFWEFWDFWEDESCD', null)
 2 APPPATH\Controllers\Backend\Auth\Login.php(37): Firebase\JWT\JWT::decode('eyJ0eXAiOiJKV1QiLCJhbGciOiJIUzI1NiJ9.eyJpYXQiOjEzNTY5OTk1MjQsIm5iZiI6MTM1NzAwMDAwMCwidWlkIjoiNCIsImVtYWlsIjoiZmVyaXNldGlhd2FuMjM5QGdtYWlsLmNvbSJ9.Y4VHmUqpdxm0Ybd2Yky6vGoUIdyo2oiesQSX3lH_zvQ', 'DQWDQWDQWFQWDQWFQWEQWGERG3R34R324T34G3WFWEFWDFWEDESCD', [...])
 3 SYSTEMPATH\CodeIgniter.php(898): App\Controllers\Backend\Auth\Login->index()
 4 SYSTEMPATH\CodeIgniter.php(468): CodeIgniter\CodeIgniter->runController(Object(App\Controllers\Backend\Auth\Login))
 5 SYSTEMPATH\CodeIgniter.php(351): CodeIgniter\CodeIgniter->handleRequest(null, Object(Config\Cache), false)
 6 FCPATH\index.php(55): CodeIgniter\CodeIgniter->run()
 7 SYSTEMPATH\Commands\Server\rewrite.php(43): require_once('FCPATH\\index.php')
CRITICAL - 2022-06-11 01:36:06 --> "kid" empty, unable to lookup correct key
in VENDORPATH\firebase\php-jwt\src\JWT.php on line 433.
 1 VENDORPATH\firebase\php-jwt\src\JWT.php(128): Firebase\JWT\JWT::getKey('DQWDQWDQWFQWDQWFQWEQWGERG3R34R324T34G3WFWEFWDFWEDESCD', null)
 2 APPPATH\Controllers\Backend\Auth\Login.php(37): Firebase\JWT\JWT::decode('eyJ0eXAiOiJKV1QiLCJhbGciOiJIUzI1NiJ9.eyJpYXQiOjEzNTY5OTk1MjQsIm5iZiI6MTM1NzAwMDAwMCwidWlkIjoiNCIsImVtYWlsIjoiZmVyaXNldGlhd2FuMjM5QGdtYWlsLmNvbSJ9.Y4VHmUqpdxm0Ybd2Yky6vGoUIdyo2oiesQSX3lH_zvQ', 'DQWDQWDQWFQWDQWFQWEQWGERG3R34R324T34G3WFWEFWDFWEDESCD', [...])
 3 SYSTEMPATH\CodeIgniter.php(898): App\Controllers\Backend\Auth\Login->index()
 4 SYSTEMPATH\CodeIgniter.php(468): CodeIgniter\CodeIgniter->runController(Object(App\Controllers\Backend\Auth\Login))
 5 SYSTEMPATH\CodeIgniter.php(351): CodeIgniter\CodeIgniter->handleRequest(null, Object(Config\Cache), false)
 6 FCPATH\index.php(55): CodeIgniter\CodeIgniter->run()
 7 SYSTEMPATH\Commands\Server\rewrite.php(43): require_once('FCPATH\\index.php')
CRITICAL - 2022-06-11 02:06:12 --> Class "Config\App\Filters\Auth" not found
in SYSTEMPATH\Filters\Filters.php on line 166.
 1 SYSTEMPATH\CodeIgniter.php(442): CodeIgniter\Filters\Filters->run('C:\\', 'before')
 2 SYSTEMPATH\CodeIgniter.php(351): CodeIgniter\CodeIgniter->handleRequest(null, Object(Config\Cache), false)
 3 FCPATH\index.php(55): CodeIgniter\CodeIgniter->run()
 4 SYSTEMPATH\Commands\Server\rewrite.php(43): require_once('FCPATH\\index.php')
ERROR - 2022-06-11 02:36:40 --> Column 'title' cannot be null
ERROR - 2022-06-11 02:37:02 --> Column 'title' cannot be null
ERROR - 2022-06-11 02:37:22 --> Column 'title' cannot be null
CRITICAL - 2022-06-11 02:37:22 --> Call to undefined method App\Controllers\Backend\Article\CreateArticle::respond()
in APPPATH\Controllers\Backend\Article\CreateArticle.php on line 17.
 1 SYSTEMPATH\CodeIgniter.php(898): App\Controllers\Backend\Article\CreateArticle->proses()
 2 SYSTEMPATH\CodeIgniter.php(468): CodeIgniter\CodeIgniter->runController(Object(App\Controllers\Backend\Article\CreateArticle))
 3 SYSTEMPATH\CodeIgniter.php(351): CodeIgniter\CodeIgniter->handleRequest(null, Object(Config\Cache), false)
 4 FCPATH\index.php(55): CodeIgniter\CodeIgniter->run()
 5 SYSTEMPATH\Commands\Server\rewrite.php(43): require_once('FCPATH\\index.php')
ERROR - 2022-06-11 02:37:30 --> Column 'title' cannot be null
ERROR - 2022-06-11 02:37:44 --> Column 'title' cannot be null
ERROR - 2022-06-11 02:55:46 --> Error connecting to the database: No connection could be made because the target machine actively refused it
CRITICAL - 2022-06-11 02:55:46 --> Unable to connect to the database.
Main connection [MySQLi]: No connection could be made because the target machine actively refused it
in SYSTEMPATH\Database\BaseConnection.php on line 415.
 1 SYSTEMPATH\Database\BaseConnection.php(585): CodeIgniter\Database\BaseConnection->initialize()
 2 SYSTEMPATH\Database\BaseBuilder.php(1585): CodeIgniter\Database\BaseConnection->query('SELECT *
FROM `user`
WHERE `email` = :email:
 LIMIT 1', [...], false)
 3 SYSTEMPATH\Model.php(249): CodeIgniter\Database\BaseBuilder->get()
 4 SYSTEMPATH\BaseModel.php(622): CodeIgniter\Model->doFirst()
 5 APPPATH\Controllers\Backend\Auth\Login.php(23): CodeIgniter\BaseModel->first()
 6 SYSTEMPATH\CodeIgniter.php(898): App\Controllers\Backend\Auth\Login->index()
 7 SYSTEMPATH\CodeIgniter.php(468): CodeIgniter\CodeIgniter->runController(Object(App\Controllers\Backend\Auth\Login))
 8 SYSTEMPATH\CodeIgniter.php(351): CodeIgniter\CodeIgniter->handleRequest(null, Object(Config\Cache), false)
 9 FCPATH\index.php(55): CodeIgniter\CodeIgniter->run()
10 SYSTEMPATH\Commands\Server\rewrite.php(43): require_once('FCPATH\\index.php')
ERROR - 2022-06-11 03:26:41 --> Error connecting to the database: No connection could be made because the target machine actively refused it
CRITICAL - 2022-06-11 03:26:41 --> Unable to connect to the database.
Main connection [MySQLi]: No connection could be made because the target machine actively refused it
in SYSTEMPATH\Database\BaseConnection.php on line 415.
 1 SYSTEMPATH\Database\BaseConnection.php(585): CodeIgniter\Database\BaseConnection->initialize()
 2 SYSTEMPATH\Database\BaseBuilder.php(1585): CodeIgniter\Database\BaseConnection->query('SELECT *
FROM `articel`', [], false)
 3 SYSTEMPATH\Model.php(222): CodeIgniter\Database\BaseBuilder->get()
 4 SYSTEMPATH\BaseModel.php(584): CodeIgniter\Model->doFindAll(0, 0)
 5 APPPATH\Domain\Article\Action\ViewArticleAction.php(13): CodeIgniter\BaseModel->findAll()
 6 APPPATH\Controllers\Backend\Article\ViewArticle.php(20): App\Domain\Article\Action\ViewArticleAction->handle()
 7 SYSTEMPATH\CodeIgniter.php(898): App\Controllers\Backend\Article\ViewArticle->view()
 8 SYSTEMPATH\CodeIgniter.php(468): CodeIgniter\CodeIgniter->runController(Object(App\Controllers\Backend\Article\ViewArticle))
 9 SYSTEMPATH\CodeIgniter.php(351): CodeIgniter\CodeIgniter->handleRequest(null, Object(Config\Cache), false)
10 FCPATH\index.php(55): CodeIgniter\CodeIgniter->run()
11 SYSTEMPATH\Commands\Server\rewrite.php(43): require_once('FCPATH\\index.php')
CRITICAL - 2022-06-11 03:46:30 --> Undefined array key "name"
in APPPATH\Domain\Article\Action\ViewArticleAction.php on line 15.
 1 APPPATH\Domain\Article\Action\ViewArticleAction.php(15): CodeIgniter\Debug\Exceptions->errorHandler(2, 'Undefined array key "name"', 'APPPATH\\Domain\\Article\\Action\\ViewArticleAction.php', 15)
 2 APPPATH\Controllers\Backend\Article\ViewArticle.php(17): App\Domain\Article\Action\ViewArticleAction->handle()
 3 SYSTEMPATH\CodeIgniter.php(898): App\Controllers\Backend\Article\ViewArticle->view()
 4 SYSTEMPATH\CodeIgniter.php(468): CodeIgniter\CodeIgniter->runController(Object(App\Controllers\Backend\Article\ViewArticle))
 5 SYSTEMPATH\CodeIgniter.php(351): CodeIgniter\CodeIgniter->handleRequest(null, Object(Config\Cache), false)
 6 FCPATH\index.php(55): CodeIgniter\CodeIgniter->run()
 7 SYSTEMPATH\Commands\Server\rewrite.php(43): require_once('FCPATH\\index.php')
CRITICAL - 2022-06-11 03:48:36 --> Undefined array key "Description"
in APPPATH\Domain\Article\Action\ViewArticleAction.php on line 16.
 1 APPPATH\Domain\Article\Action\ViewArticleAction.php(16): CodeIgniter\Debug\Exceptions->errorHandler(2, 'Undefined array key "Description"', 'APPPATH\\Domain\\Article\\Action\\ViewArticleAction.php', 16)
 2 APPPATH\Controllers\Backend\Article\ViewArticle.php(17): App\Domain\Article\Action\ViewArticleAction->handle()
 3 SYSTEMPATH\CodeIgniter.php(898): App\Controllers\Backend\Article\ViewArticle->view()
 4 SYSTEMPATH\CodeIgniter.php(468): CodeIgniter\CodeIgniter->runController(Object(App\Controllers\Backend\Article\ViewArticle))
 5 SYSTEMPATH\CodeIgniter.php(351): CodeIgniter\CodeIgniter->handleRequest(null, Object(Config\Cache), false)
 6 FCPATH\index.php(55): CodeIgniter\CodeIgniter->run()
 7 SYSTEMPATH\Commands\Server\rewrite.php(43): require_once('FCPATH\\index.php')
CRITICAL - 2022-06-11 03:56:57 --> Cannot use object of type App\Models\PostModel as array
in APPPATH\Domain\Article\Action\ViewArticleAction.php on line 15.
 1 APPPATH\Controllers\Backend\Article\ViewArticle.php(17): App\Domain\Article\Action\ViewArticleAction->handle()
 2 SYSTEMPATH\CodeIgniter.php(898): App\Controllers\Backend\Article\ViewArticle->view()
 3 SYSTEMPATH\CodeIgniter.php(468): CodeIgniter\CodeIgniter->runController(Object(App\Controllers\Backend\Article\ViewArticle))
 4 SYSTEMPATH\CodeIgniter.php(351): CodeIgniter\CodeIgniter->handleRequest(null, Object(Config\Cache), false)
 5 FCPATH\index.php(55): CodeIgniter\CodeIgniter->run()
 6 SYSTEMPATH\Commands\Server\rewrite.php(43): require_once('FCPATH\\index.php')
CRITICAL - 2022-06-11 03:57:29 --> Too few arguments to function CodeIgniter\Database\BaseConnection::table(), 0 passed in C:\xampp\htdocs\ProjectOpinia\system\Model.php on line 767 and exactly 1 expected
in SYSTEMPATH\Database\BaseConnection.php on line 854.
 1 SYSTEMPATH\Model.php(767): CodeIgniter\Database\BaseConnection->table()
 2 APPPATH\Domain\Article\Action\ViewArticleAction.php(15): CodeIgniter\Model->__call('table', [])
 3 APPPATH\Controllers\Backend\Article\ViewArticle.php(17): App\Domain\Article\Action\ViewArticleAction->handle()
 4 SYSTEMPATH\CodeIgniter.php(898): App\Controllers\Backend\Article\ViewArticle->view()
 5 SYSTEMPATH\CodeIgniter.php(468): CodeIgniter\CodeIgniter->runController(Object(App\Controllers\Backend\Article\ViewArticle))
 6 SYSTEMPATH\CodeIgniter.php(351): CodeIgniter\CodeIgniter->handleRequest(null, Object(Config\Cache), false)
 7 FCPATH\index.php(55): CodeIgniter\CodeIgniter->run()
 8 SYSTEMPATH\Commands\Server\rewrite.php(43): require_once('FCPATH\\index.php')
CRITICAL - 2022-06-11 03:57:42 --> Cannot use object of type App\Models\PostModel as array
in APPPATH\Domain\Article\Action\ViewArticleAction.php on line 15.
 1 APPPATH\Controllers\Backend\Article\ViewArticle.php(17): App\Domain\Article\Action\ViewArticleAction->handle()
 2 SYSTEMPATH\CodeIgniter.php(898): App\Controllers\Backend\Article\ViewArticle->view()
 3 SYSTEMPATH\CodeIgniter.php(468): CodeIgniter\CodeIgniter->runController(Object(App\Controllers\Backend\Article\ViewArticle))
 4 SYSTEMPATH\CodeIgniter.php(351): CodeIgniter\CodeIgniter->handleRequest(null, Object(Config\Cache), false)
 5 FCPATH\index.php(55): CodeIgniter\CodeIgniter->run()
 6 SYSTEMPATH\Commands\Server\rewrite.php(43): require_once('FCPATH\\index.php')
CRITICAL - 2022-06-11 04:23:38 --> CodeIgniter\Database\BaseBuilder::join(): Argument #1 ($table) must be of type string, App\Models\PostModel given, called in C:\xampp\htdocs\ProjectOpinia\system\Model.php on line 771
in SYSTEMPATH\Database\BaseBuilder.php on line 593.
 1 SYSTEMPATH\Model.php(771): CodeIgniter\Database\BaseBuilder->join(Object(App\Models\PostModel), 'post_type.id = articel.type')
 2 APPPATH\Domain\Article\Action\ViewArticleAction.php(15): CodeIgniter\Model->__call('join', [...])
 3 APPPATH\Controllers\Backend\Article\ViewArticle.php(17): App\Domain\Article\Action\ViewArticleAction->handle()
 4 SYSTEMPATH\CodeIgniter.php(898): App\Controllers\Backend\Article\ViewArticle->view()
 5 SYSTEMPATH\CodeIgniter.php(468): CodeIgniter\CodeIgniter->runController(Object(App\Controllers\Backend\Article\ViewArticle))
 6 SYSTEMPATH\CodeIgniter.php(351): CodeIgniter\CodeIgniter->handleRequest(null, Object(Config\Cache), false)
 7 FCPATH\index.php(55): CodeIgniter\CodeIgniter->run()
 8 SYSTEMPATH\Commands\Server\rewrite.php(43): require_once('FCPATH\\index.php')
CRITICAL - 2022-06-11 04:24:29 --> CodeIgniter\Database\BaseBuilder::join(): Argument #1 ($table) must be of type string, App\Models\PostModel given, called in C:\xampp\htdocs\ProjectOpinia\system\Model.php on line 771
in SYSTEMPATH\Database\BaseBuilder.php on line 593.
 1 SYSTEMPATH\Model.php(771): CodeIgniter\Database\BaseBuilder->join(Object(App\Models\PostModel), 'post_type.id = articel.type')
 2 APPPATH\Domain\Article\Action\ViewArticleAction.php(15): CodeIgniter\Model->__call('join', [...])
 3 APPPATH\Controllers\Backend\Article\ViewArticle.php(17): App\Domain\Article\Action\ViewArticleAction->handle()
 4 SYSTEMPATH\CodeIgniter.php(898): App\Controllers\Backend\Article\ViewArticle->view()
 5 SYSTEMPATH\CodeIgniter.php(468): CodeIgniter\CodeIgniter->runController(Object(App\Controllers\Backend\Article\ViewArticle))
 6 SYSTEMPATH\CodeIgniter.php(351): CodeIgniter\CodeIgniter->handleRequest(null, Object(Config\Cache), false)
 7 FCPATH\index.php(55): CodeIgniter\CodeIgniter->run()
 8 SYSTEMPATH\Commands\Server\rewrite.php(43): require_once('FCPATH\\index.php')
CRITICAL - 2022-06-11 04:25:32 --> New expressions are not supported in this context
in APPPATH\Domain\Article\Action\ViewArticleAction.php on line 11.
 1 [internal function]: CodeIgniter\Debug\Exceptions->shutdownHandler()
CRITICAL - 2022-06-11 04:27:10 --> New expressions are not supported in this context
in APPPATH\Domain\Article\Action\ViewArticleAction.php on line 11.
 1 [internal function]: CodeIgniter\Debug\Exceptions->shutdownHandler()
CRITICAL - 2022-06-11 04:27:23 --> New expressions are not supported in this context
in APPPATH\Domain\Article\Action\ViewArticleAction.php on line 11.
 1 [internal function]: CodeIgniter\Debug\Exceptions->shutdownHandler()
CRITICAL - 2022-06-11 04:27:34 --> Undefined property: App\Domain\Article\Action\ViewArticleAction::$getType
in APPPATH\Domain\Article\Action\ViewArticleAction.php on line 15.
 1 APPPATH\Domain\Article\Action\ViewArticleAction.php(15): CodeIgniter\Debug\Exceptions->errorHandler(2, 'Undefined property: App\\Domain\\Article\\Action\\ViewArticleAction::$getType', 'APPPATH\\Domain\\Article\\Action\\ViewArticleAction.php', 15)
 2 APPPATH\Controllers\Backend\Article\ViewArticle.php(17): App\Domain\Article\Action\ViewArticleAction->handle()
 3 SYSTEMPATH\CodeIgniter.php(898): App\Controllers\Backend\Article\ViewArticle->view()
 4 SYSTEMPATH\CodeIgniter.php(468): CodeIgniter\CodeIgniter->runController(Object(App\Controllers\Backend\Article\ViewArticle))
 5 SYSTEMPATH\CodeIgniter.php(351): CodeIgniter\CodeIgniter->handleRequest(null, Object(Config\Cache), false)
 6 FCPATH\index.php(55): CodeIgniter\CodeIgniter->run()
 7 SYSTEMPATH\Commands\Server\rewrite.php(43): require_once('FCPATH\\index.php')
CRITICAL - 2022-06-11 05:19:20 --> Undefined property: App\Domain\Article\Action\ViewArticleAction::$getType
in APPPATH\Domain\Article\Action\ViewArticleAction.php on line 16.
 1 APPPATH\Domain\Article\Action\ViewArticleAction.php(16): CodeIgniter\Debug\Exceptions->errorHandler(2, 'Undefined property: App\\Domain\\Article\\Action\\ViewArticleAction::$getType', 'APPPATH\\Domain\\Article\\Action\\ViewArticleAction.php', 16)
 2 APPPATH\Controllers\Backend\Article\ViewArticle.php(17): App\Domain\Article\Action\ViewArticleAction->handle()
 3 SYSTEMPATH\CodeIgniter.php(898): App\Controllers\Backend\Article\ViewArticle->view()
 4 SYSTEMPATH\CodeIgniter.php(468): CodeIgniter\CodeIgniter->runController(Object(App\Controllers\Backend\Article\ViewArticle))
 5 SYSTEMPATH\CodeIgniter.php(351): CodeIgniter\CodeIgniter->handleRequest(null, Object(Config\Cache), false)
 6 FCPATH\index.php(55): CodeIgniter\CodeIgniter->run()
 7 SYSTEMPATH\Commands\Server\rewrite.php(43): require_once('FCPATH\\index.php')
CRITICAL - 2022-06-11 05:19:58 --> Call to undefined method App\Models\ArticleModel::getResult
in SYSTEMPATH\Model.php on line 773.
 1 APPPATH\Domain\Article\Action\ViewArticleAction.php(17): CodeIgniter\Model->__call('getResult', [])
 2 APPPATH\Controllers\Backend\Article\ViewArticle.php(17): App\Domain\Article\Action\ViewArticleAction->handle()
 3 SYSTEMPATH\CodeIgniter.php(898): App\Controllers\Backend\Article\ViewArticle->view()
 4 SYSTEMPATH\CodeIgniter.php(468): CodeIgniter\CodeIgniter->runController(Object(App\Controllers\Backend\Article\ViewArticle))
 5 SYSTEMPATH\CodeIgniter.php(351): CodeIgniter\CodeIgniter->handleRequest(null, Object(Config\Cache), false)
 6 FCPATH\index.php(55): CodeIgniter\CodeIgniter->run()
 7 SYSTEMPATH\Commands\Server\rewrite.php(43): require_once('FCPATH\\index.php')
CRITICAL - 2022-06-11 05:20:25 --> Call to undefined method App\Models\ArticleModel::getResult
in SYSTEMPATH\Model.php on line 773.
 1 APPPATH\Domain\Article\Action\ViewArticleAction.php(17): CodeIgniter\Model->__call('getResult', [])
 2 APPPATH\Controllers\Backend\Article\ViewArticle.php(17): App\Domain\Article\Action\ViewArticleAction->handle()
 3 SYSTEMPATH\CodeIgniter.php(898): App\Controllers\Backend\Article\ViewArticle->view()
 4 SYSTEMPATH\CodeIgniter.php(468): CodeIgniter\CodeIgniter->runController(Object(App\Controllers\Backend\Article\ViewArticle))
 5 SYSTEMPATH\CodeIgniter.php(351): CodeIgniter\CodeIgniter->handleRequest(null, Object(Config\Cache), false)
 6 FCPATH\index.php(55): CodeIgniter\CodeIgniter->run()
 7 SYSTEMPATH\Commands\Server\rewrite.php(43): require_once('FCPATH\\index.php')
CRITICAL - 2022-06-11 05:20:42 --> Call to undefined method App\Models\ArticleModel::getResult
in SYSTEMPATH\Model.php on line 773.
 1 APPPATH\Domain\Article\Action\ViewArticleAction.php(17): CodeIgniter\Model->__call('getResult', [])
 2 APPPATH\Controllers\Backend\Article\ViewArticle.php(17): App\Domain\Article\Action\ViewArticleAction->handle()
 3 SYSTEMPATH\CodeIgniter.php(898): App\Controllers\Backend\Article\ViewArticle->view()
 4 SYSTEMPATH\CodeIgniter.php(468): CodeIgniter\CodeIgniter->runController(Object(App\Controllers\Backend\Article\ViewArticle))
 5 SYSTEMPATH\CodeIgniter.php(351): CodeIgniter\CodeIgniter->handleRequest(null, Object(Config\Cache), false)
 6 FCPATH\index.php(55): CodeIgniter\CodeIgniter->run()
 7 SYSTEMPATH\Commands\Server\rewrite.php(43): require_once('FCPATH\\index.php')
CRITICAL - 2022-06-11 05:21:54 --> Call to undefined method App\Models\ArticleModel::getResult
in SYSTEMPATH\Model.php on line 773.
 1 APPPATH\Domain\Article\Action\ViewArticleAction.php(17): CodeIgniter\Model->__call('getResult', [])
 2 APPPATH\Controllers\Backend\Article\ViewArticle.php(17): App\Domain\Article\Action\ViewArticleAction->handle()
 3 SYSTEMPATH\CodeIgniter.php(898): App\Controllers\Backend\Article\ViewArticle->view()
 4 SYSTEMPATH\CodeIgniter.php(468): CodeIgniter\CodeIgniter->runController(Object(App\Controllers\Backend\Article\ViewArticle))
 5 SYSTEMPATH\CodeIgniter.php(351): CodeIgniter\CodeIgniter->handleRequest(null, Object(Config\Cache), false)
 6 FCPATH\index.php(55): CodeIgniter\CodeIgniter->run()
 7 SYSTEMPATH\Commands\Server\rewrite.php(43): require_once('FCPATH\\index.php')
CRITICAL - 2022-06-11 08:36:42 --> Undefined array key "id"
in APPPATH\Controllers\Backend\Article\UpdateArticle.php on line 31.
 1 APPPATH\Controllers\Backend\Article\UpdateArticle.php(31): CodeIgniter\Debug\Exceptions->errorHandler(2, 'Undefined array key "id"', 'APPPATH\\Controllers\\Backend\\Article\\UpdateArticle.php', 31)
 2 SYSTEMPATH\CodeIgniter.php(898): App\Controllers\Backend\Article\UpdateArticle->index('17')
 3 SYSTEMPATH\CodeIgniter.php(468): CodeIgniter\CodeIgniter->runController(Object(App\Controllers\Backend\Article\UpdateArticle))
 4 SYSTEMPATH\CodeIgniter.php(351): CodeIgniter\CodeIgniter->handleRequest(null, Object(Config\Cache), false)
 5 FCPATH\index.php(55): CodeIgniter\CodeIgniter->run()
 6 SYSTEMPATH\Commands\Server\rewrite.php(43): require_once('FCPATH\\index.php')
CRITICAL - 2022-06-11 08:42:51 --> Undefined property: App\Domain\Article\Action\UpdateArticleAction::$request
in APPPATH\Domain\Article\Action\UpdateArticleAction.php on line 13.
 1 APPPATH\Domain\Article\Action\UpdateArticleAction.php(13): CodeIgniter\Debug\Exceptions->errorHandler(2, 'Undefined property: App\\Domain\\Article\\Action\\UpdateArticleAction::$request', 'APPPATH\\Domain\\Article\\Action\\UpdateArticleAction.php', 13)
 2 APPPATH\Controllers\Backend\Article\UpdateArticle.php(18): App\Domain\Article\Action\UpdateArticleAction->handle(Object(CodeIgniter\HTTP\IncomingRequest), '17')
 3 SYSTEMPATH\CodeIgniter.php(898): App\Controllers\Backend\Article\UpdateArticle->index('17')
 4 SYSTEMPATH\CodeIgniter.php(468): CodeIgniter\CodeIgniter->runController(Object(App\Controllers\Backend\Article\UpdateArticle))
 5 SYSTEMPATH\CodeIgniter.php(351): CodeIgniter\CodeIgniter->handleRequest(null, Object(Config\Cache), false)
 6 FCPATH\index.php(55): CodeIgniter\CodeIgniter->run()
 7 SYSTEMPATH\Commands\Server\rewrite.php(43): require_once('FCPATH\\index.php')
CRITICAL - 2022-06-11 08:50:28 --> Undefined property: App\Domain\Article\Action\DeleteArticleAction::$response
in SYSTEMPATH\API\ResponseTrait.php on line 310.
 1 SYSTEMPATH\API\ResponseTrait.php(310): CodeIgniter\Debug\Exceptions->errorHandler(2, 'Undefined property: App\\Domain\\Article\\Action\\DeleteArticleAction::$response', 'SYSTEMPATH\\API\\ResponseTrait.php', 310)
 2 SYSTEMPATH\API\ResponseTrait.php(99): App\Domain\Article\Action\DeleteArticleAction->format('Data Has Delete')
 3 APPPATH\Domain\Article\Action\DeleteArticleAction.php(22): App\Domain\Article\Action\DeleteArticleAction->respond('Data Has Delete')
 4 APPPATH\Controllers\Backend\Article\DeleteArticle.php(15): App\Domain\Article\Action\DeleteArticleAction->handle(Object(CodeIgniter\HTTP\IncomingRequest), '17')
 5 SYSTEMPATH\CodeIgniter.php(898): App\Controllers\Backend\Article\DeleteArticle->index('17')
 6 SYSTEMPATH\CodeIgniter.php(468): CodeIgniter\CodeIgniter->runController(Object(App\Controllers\Backend\Article\DeleteArticle))
 7 SYSTEMPATH\CodeIgniter.php(351): CodeIgniter\CodeIgniter->handleRequest(null, Object(Config\Cache), false)
 8 FCPATH\index.php(55): CodeIgniter\CodeIgniter->run()
 9 SYSTEMPATH\Commands\Server\rewrite.php(43): require_once('FCPATH\\index.php')
CRITICAL - 2022-06-11 09:07:42 --> Undefined variable $var_dump
in APPPATH\Domain\Article\Action\UpdateArticleAction.php on line 15.
 1 APPPATH\Domain\Article\Action\UpdateArticleAction.php(15): CodeIgniter\Debug\Exceptions->errorHandler(2, 'Undefined variable $var_dump', 'APPPATH\\Domain\\Article\\Action\\UpdateArticleAction.php', 15)
 2 APPPATH\Controllers\Backend\Article\UpdateArticle.php(16): App\Domain\Article\Action\UpdateArticleAction->handle(Object(CodeIgniter\HTTP\IncomingRequest), '$id')
 3 SYSTEMPATH\CodeIgniter.php(898): App\Controllers\Backend\Article\UpdateArticle->index('$id', '20')
 4 SYSTEMPATH\CodeIgniter.php(468): CodeIgniter\CodeIgniter->runController(Object(App\Controllers\Backend\Article\UpdateArticle))
 5 SYSTEMPATH\CodeIgniter.php(351): CodeIgniter\CodeIgniter->handleRequest(null, Object(Config\Cache), false)
 6 FCPATH\index.php(55): CodeIgniter\CodeIgniter->run()
 7 SYSTEMPATH\Commands\Server\rewrite.php(43): require_once('FCPATH\\index.php')
CRITICAL - 2022-06-11 09:20:54 --> There is no data to update.
in SYSTEMPATH\BaseModel.php on line 846.
 1 SYSTEMPATH\BaseModel.php(846): CodeIgniter\Database\Exceptions\DataException::forEmptyDataset('update')
 2 SYSTEMPATH\Model.php(692): CodeIgniter\BaseModel->update([...], [])
 3 APPPATH\Domain\Article\Action\UpdateArticleAction.php(17): CodeIgniter\Model->update('20', [...])
 4 APPPATH\Controllers\Backend\Article\UpdateArticle.php(17): App\Domain\Article\Action\UpdateArticleAction->handle(Object(CodeIgniter\HTTP\IncomingRequest), '20')
 5 SYSTEMPATH\CodeIgniter.php(898): App\Controllers\Backend\Article\UpdateArticle->index('20', '20')
 6 SYSTEMPATH\CodeIgniter.php(468): CodeIgniter\CodeIgniter->runController(Object(App\Controllers\Backend\Article\UpdateArticle))
 7 SYSTEMPATH\CodeIgniter.php(351): CodeIgniter\CodeIgniter->handleRequest(null, Object(Config\Cache), false)
 8 FCPATH\index.php(55): CodeIgniter\CodeIgniter->run()
 9 SYSTEMPATH\Commands\Server\rewrite.php(43): require_once('FCPATH\\index.php')
CRITICAL - 2022-06-11 09:21:15 --> There is no data to update.
in SYSTEMPATH\BaseModel.php on line 846.
 1 SYSTEMPATH\BaseModel.php(846): CodeIgniter\Database\Exceptions\DataException::forEmptyDataset('update')
 2 SYSTEMPATH\Model.php(692): CodeIgniter\BaseModel->update([...], [])
 3 APPPATH\Domain\Article\Action\UpdateArticleAction.php(17): CodeIgniter\Model->update('20', [...])
 4 APPPATH\Controllers\Backend\Article\UpdateArticle.php(17): App\Domain\Article\Action\UpdateArticleAction->handle(Object(CodeIgniter\HTTP\IncomingRequest), '20')
 5 SYSTEMPATH\CodeIgniter.php(898): App\Controllers\Backend\Article\UpdateArticle->index('20', '20')
 6 SYSTEMPATH\CodeIgniter.php(468): CodeIgniter\CodeIgniter->runController(Object(App\Controllers\Backend\Article\UpdateArticle))
 7 SYSTEMPATH\CodeIgniter.php(351): CodeIgniter\CodeIgniter->handleRequest(null, Object(Config\Cache), false)
 8 FCPATH\index.php(55): CodeIgniter\CodeIgniter->run()
 9 SYSTEMPATH\Commands\Server\rewrite.php(43): require_once('FCPATH\\index.php')
CRITICAL - 2022-06-11 09:31:46 --> Undefined array key "title"
in APPPATH\Domain\Article\Action\UpdateArticleAction.php on line 14.
 1 APPPATH\Domain\Article\Action\UpdateArticleAction.php(14): CodeIgniter\Debug\Exceptions->errorHandler(2, 'Undefined array key "title"', 'APPPATH\\Domain\\Article\\Action\\UpdateArticleAction.php', 14)
 2 APPPATH\Controllers\Backend\Article\UpdateArticle.php(16): App\Domain\Article\Action\UpdateArticleAction->handle(Object(CodeIgniter\HTTP\IncomingRequest), '21')
 3 SYSTEMPATH\CodeIgniter.php(898): App\Controllers\Backend\Article\UpdateArticle->index('21', '21')
 4 SYSTEMPATH\CodeIgniter.php(468): CodeIgniter\CodeIgniter->runController(Object(App\Controllers\Backend\Article\UpdateArticle))
 5 SYSTEMPATH\CodeIgniter.php(351): CodeIgniter\CodeIgniter->handleRequest(null, Object(Config\Cache), false)
 6 FCPATH\index.php(55): CodeIgniter\CodeIgniter->run()
 7 SYSTEMPATH\Commands\Server\rewrite.php(43): require_once('FCPATH\\index.php')
CRITICAL - 2022-06-11 09:32:28 --> Array to string conversion
in APPPATH\Domain\Article\Action\UpdateArticleAction.php on line 14.
 1 APPPATH\Domain\Article\Action\UpdateArticleAction.php(14): CodeIgniter\Debug\Exceptions->errorHandler(2, 'Array to string conversion', 'APPPATH\\Domain\\Article\\Action\\UpdateArticleAction.php', 14)
 2 APPPATH\Controllers\Backend\Article\UpdateArticle.php(16): App\Domain\Article\Action\UpdateArticleAction->handle(Object(CodeIgniter\HTTP\IncomingRequest), '21')
 3 SYSTEMPATH\CodeIgniter.php(898): App\Controllers\Backend\Article\UpdateArticle->index('21', '21')
 4 SYSTEMPATH\CodeIgniter.php(468): CodeIgniter\CodeIgniter->runController(Object(App\Controllers\Backend\Article\UpdateArticle))
 5 SYSTEMPATH\CodeIgniter.php(351): CodeIgniter\CodeIgniter->handleRequest(null, Object(Config\Cache), false)
 6 FCPATH\index.php(55): CodeIgniter\CodeIgniter->run()
 7 SYSTEMPATH\Commands\Server\rewrite.php(43): require_once('FCPATH\\index.php')
ERROR - 2022-06-11 10:11:49 --> Table 'user' already exists
ERROR - 2022-06-11 10:11:49 --> Table 'articel' already exists
ERROR - 2022-06-11 10:11:49 --> Table 'post_type' already exists
ERROR - 2022-06-11 10:13:25 --> Unknown column 'name' in 'field list'
