CRITICAL - 2022-06-10 10:04:30 --> Maximum execution time of 60 seconds exceeded
in SYSTEMPATH\Debug\Exceptions.php on line 142.
 1 [internal function]: CodeIgniter\Debug\Exceptions->shutdownHandler()
CRITICAL - 2022-06-10 10:09:30 --> Maximum execution time of 60 seconds exceeded
in SYSTEMPATH\Debug\Exceptions.php on line 142.
 1 [internal function]: CodeIgniter\Debug\Exceptions->shutdownHandler()
CRITICAL - 2022-06-10 10:14:30 --> Maximum execution time of 60 seconds exceeded
in SYSTEMPATH\Debug\Exceptions.php on line 142.
 1 [internal function]: CodeIgniter\Debug\Exceptions->shutdownHandler()
CRITICAL - 2022-06-10 10:19:30 --> Maximum execution time of 60 seconds exceeded
in SYSTEMPATH\Debug\Exceptions.php on line 142.
 1 [internal function]: CodeIgniter\Debug\Exceptions->shutdownHandler()
CRITICAL - 2022-06-10 10:19:31 --> Class "CodeIgniter\Database\mysql\Connection" not found
in SYSTEMPATH\Database\Database.php on line 136.
 1 SYSTEMPATH\Database\Database.php(56): CodeIgniter\Database\Database->initDriver('mysql', 'CodeIgniter\\Database\\mysql\\Connection', [...])
 2 SYSTEMPATH\Database\Config.php(78): CodeIgniter\Database\Database->load([...], 'default')
 3 SYSTEMPATH\Model.php(136): CodeIgniter\Database\Config::connect('default')
 4 APPPATH\Controllers\Backend\Article\CreateArticle.php(20): CodeIgniter\Model->__construct()
 5 SYSTEMPATH\CodeIgniter.php(898): App\Controllers\Backend\Article\CreateArticle->proses()
 6 SYSTEMPATH\CodeIgniter.php(468): CodeIgniter\CodeIgniter->runController(Object(App\Controllers\Backend\Article\CreateArticle))
 7 SYSTEMPATH\CodeIgniter.php(351): CodeIgniter\CodeIgniter->handleRequest(null, Object(Config\Cache), false)
 8 FCPATH\index.php(55): CodeIgniter\CodeIgniter->run()
 9 SYSTEMPATH\Commands\Server\rewrite.php(43): require_once('FCPATH\\index.php')
CRITICAL - 2022-06-10 10:24:53 --> Maximum execution time of 60 seconds exceeded
in SYSTEMPATH\Debug\Exceptions.php on line 142.
 1 [internal function]: CodeIgniter\Debug\Exceptions->shutdownHandler()
CRITICAL - 2022-06-10 10:26:20 --> syntax error, unexpected token ";", expecting ")"
in APPPATH\Controllers\Backend\Article\CreateArticle.php on line 20.
 1 SYSTEMPATH\Autoloader\Autoloader.php(261): CodeIgniter\Autoloader\Autoloader->includeFile('APPPATH\\Controllers\\Backend\\Article\\CreateArticle.php')
 2 SYSTEMPATH\Autoloader\Autoloader.php(239): CodeIgniter\Autoloader\Autoloader->loadInNamespace('App\\Controllers\\Backend\\Article\\CreateArticle')
 3 [internal function]: CodeIgniter\Autoloader\Autoloader->loadClass('App\\Controllers\\Backend\\Article\\CreateArticle')
 4 SYSTEMPATH\CodeIgniter.php(848): class_exists('\\App\\Controllers\\Backend\\Article\\CreateArticle', true)
 5 SYSTEMPATH\CodeIgniter.php(455): CodeIgniter\CodeIgniter->startController()
 6 SYSTEMPATH\CodeIgniter.php(351): CodeIgniter\CodeIgniter->handleRequest(null, Object(Config\Cache), false)
 7 FCPATH\index.php(55): CodeIgniter\CodeIgniter->run()
 8 SYSTEMPATH\Commands\Server\rewrite.php(43): require_once('FCPATH\\index.php')
CRITICAL - 2022-06-10 10:32:50 --> Maximum execution time of 60 seconds exceeded
in SYSTEMPATH\Debug\Exceptions.php on line 142.
 1 [internal function]: CodeIgniter\Debug\Exceptions->shutdownHandler()
CRITICAL - 2022-06-10 11:35:34 --> Call to undefined method App\Models\AuthModel::selectwhere
in SYSTEMPATH\Model.php on line 773.
 1 APPPATH\Controllers\Backend\Auth\Auth.php(15): CodeIgniter\Model->__call('selectwhere', [...])
 2 SYSTEMPATH\CodeIgniter.php(898): App\Controllers\Backend\Auth\Auth->index()
 3 SYSTEMPATH\CodeIgniter.php(468): CodeIgniter\CodeIgniter->runController(Object(App\Controllers\Backend\Auth\Auth))
 4 SYSTEMPATH\CodeIgniter.php(351): CodeIgniter\CodeIgniter->handleRequest(null, Object(Config\Cache), false)
 5 FCPATH\index.php(55): CodeIgniter\CodeIgniter->run()
 6 SYSTEMPATH\Commands\Server\rewrite.php(43): require_once('FCPATH\\index.php')
CRITICAL - 2022-06-10 11:36:04 --> Call to undefined method App\Models\AuthModel::selectwhere
in SYSTEMPATH\Model.php on line 773.
 1 APPPATH\Controllers\Backend\Auth\Auth.php(15): CodeIgniter\Model->__call('selectwhere', [...])
 2 SYSTEMPATH\CodeIgniter.php(898): App\Controllers\Backend\Auth\Auth->index()
 3 SYSTEMPATH\CodeIgniter.php(468): CodeIgniter\CodeIgniter->runController(Object(App\Controllers\Backend\Auth\Auth))
 4 SYSTEMPATH\CodeIgniter.php(351): CodeIgniter\CodeIgniter->handleRequest(null, Object(Config\Cache), false)
 5 FCPATH\index.php(55): CodeIgniter\CodeIgniter->run()
 6 SYSTEMPATH\Commands\Server\rewrite.php(43): require_once('FCPATH\\index.php')
CRITICAL - 2022-06-10 12:00:28 --> Object of class App\Models\AuthModel could not be converted to int
in APPPATH\Controllers\Backend\Auth\Auth.php on line 23.
 1 APPPATH\Controllers\Backend\Auth\Auth.php(23): CodeIgniter\Debug\Exceptions->errorHandler(8, 'Object of class App\\Models\\AuthModel could not be converted to int', 'APPPATH\\Controllers\\Backend\\Auth\\Auth.php', 23)
 2 SYSTEMPATH\CodeIgniter.php(898): App\Controllers\Backend\Auth\Auth->index()
 3 SYSTEMPATH\CodeIgniter.php(468): CodeIgniter\CodeIgniter->runController(Object(App\Controllers\Backend\Auth\Auth))
 4 SYSTEMPATH\CodeIgniter.php(351): CodeIgniter\CodeIgniter->handleRequest(null, Object(Config\Cache), false)
 5 FCPATH\index.php(55): CodeIgniter\CodeIgniter->run()
 6 SYSTEMPATH\Commands\Server\rewrite.php(43): require_once('FCPATH\\index.php')
CRITICAL - 2022-06-10 12:02:55 --> Object of class App\Models\AuthModel could not be converted to int
in APPPATH\Controllers\Backend\Auth\Auth.php on line 23.
 1 APPPATH\Controllers\Backend\Auth\Auth.php(23): CodeIgniter\Debug\Exceptions->errorHandler(8, 'Object of class App\\Models\\AuthModel could not be converted to int', 'APPPATH\\Controllers\\Backend\\Auth\\Auth.php', 23)
 2 SYSTEMPATH\CodeIgniter.php(898): App\Controllers\Backend\Auth\Auth->index()
 3 SYSTEMPATH\CodeIgniter.php(468): CodeIgniter\CodeIgniter->runController(Object(App\Controllers\Backend\Auth\Auth))
 4 SYSTEMPATH\CodeIgniter.php(351): CodeIgniter\CodeIgniter->handleRequest(null, Object(Config\Cache), false)
 5 FCPATH\index.php(55): CodeIgniter\CodeIgniter->run()
 6 SYSTEMPATH\Commands\Server\rewrite.php(43): require_once('FCPATH\\index.php')
CRITICAL - 2022-06-10 12:03:03 --> Object of class App\Models\AuthModel could not be converted to int
in APPPATH\Controllers\Backend\Auth\Auth.php on line 23.
 1 APPPATH\Controllers\Backend\Auth\Auth.php(23): CodeIgniter\Debug\Exceptions->errorHandler(8, 'Object of class App\\Models\\AuthModel could not be converted to int', 'APPPATH\\Controllers\\Backend\\Auth\\Auth.php', 23)
 2 SYSTEMPATH\CodeIgniter.php(898): App\Controllers\Backend\Auth\Auth->index()
 3 SYSTEMPATH\CodeIgniter.php(468): CodeIgniter\CodeIgniter->runController(Object(App\Controllers\Backend\Auth\Auth))
 4 SYSTEMPATH\CodeIgniter.php(351): CodeIgniter\CodeIgniter->handleRequest(null, Object(Config\Cache), false)
 5 FCPATH\index.php(55): CodeIgniter\CodeIgniter->run()
 6 SYSTEMPATH\Commands\Server\rewrite.php(43): require_once('FCPATH\\index.php')
CRITICAL - 2022-06-10 12:13:48 --> Call to undefined method App\Models\AuthModel::row_array
in SYSTEMPATH\Model.php on line 773.
 1 APPPATH\Controllers\Backend\Auth\Auth.php(21): CodeIgniter\Model->__call('row_array', [])
 2 SYSTEMPATH\CodeIgniter.php(898): App\Controllers\Backend\Auth\Auth->index()
 3 SYSTEMPATH\CodeIgniter.php(468): CodeIgniter\CodeIgniter->runController(Object(App\Controllers\Backend\Auth\Auth))
 4 SYSTEMPATH\CodeIgniter.php(351): CodeIgniter\CodeIgniter->handleRequest(null, Object(Config\Cache), false)
 5 FCPATH\index.php(55): CodeIgniter\CodeIgniter->run()
 6 SYSTEMPATH\Commands\Server\rewrite.php(43): require_once('FCPATH\\index.php')
CRITICAL - 2022-06-10 12:17:09 --> Object of class App\Models\AuthModel could not be converted to string
in APPPATH\Controllers\Backend\Auth\Auth.php on line 22.
 1 SYSTEMPATH\CodeIgniter.php(898): App\Controllers\Backend\Auth\Auth->index()
 2 SYSTEMPATH\CodeIgniter.php(468): CodeIgniter\CodeIgniter->runController(Object(App\Controllers\Backend\Auth\Auth))
 3 SYSTEMPATH\CodeIgniter.php(351): CodeIgniter\CodeIgniter->handleRequest(null, Object(Config\Cache), false)
 4 FCPATH\index.php(55): CodeIgniter\CodeIgniter->run()
 5 SYSTEMPATH\Commands\Server\rewrite.php(43): require_once('FCPATH\\index.php')
CRITICAL - 2022-06-10 12:18:00 --> Array to string conversion
in APPPATH\Controllers\Backend\Auth\Auth.php on line 22.
 1 APPPATH\Controllers\Backend\Auth\Auth.php(22): CodeIgniter\Debug\Exceptions->errorHandler(2, 'Array to string conversion', 'APPPATH\\Controllers\\Backend\\Auth\\Auth.php', 22)
 2 SYSTEMPATH\CodeIgniter.php(898): App\Controllers\Backend\Auth\Auth->index()
 3 SYSTEMPATH\CodeIgniter.php(468): CodeIgniter\CodeIgniter->runController(Object(App\Controllers\Backend\Auth\Auth))
 4 SYSTEMPATH\CodeIgniter.php(351): CodeIgniter\CodeIgniter->handleRequest(null, Object(Config\Cache), false)
 5 FCPATH\index.php(55): CodeIgniter\CodeIgniter->run()
 6 SYSTEMPATH\Commands\Server\rewrite.php(43): require_once('FCPATH\\index.php')
CRITICAL - 2022-06-10 12:18:39 --> Array to string conversion
in APPPATH\Controllers\Backend\Auth\Auth.php on line 22.
 1 APPPATH\Controllers\Backend\Auth\Auth.php(22): CodeIgniter\Debug\Exceptions->errorHandler(2, 'Array to string conversion', 'APPPATH\\Controllers\\Backend\\Auth\\Auth.php', 22)
 2 SYSTEMPATH\CodeIgniter.php(898): App\Controllers\Backend\Auth\Auth->index()
 3 SYSTEMPATH\CodeIgniter.php(468): CodeIgniter\CodeIgniter->runController(Object(App\Controllers\Backend\Auth\Auth))
 4 SYSTEMPATH\CodeIgniter.php(351): CodeIgniter\CodeIgniter->handleRequest(null, Object(Config\Cache), false)
 5 FCPATH\index.php(55): CodeIgniter\CodeIgniter->run()
 6 SYSTEMPATH\Commands\Server\rewrite.php(43): require_once('FCPATH\\index.php')
CRITICAL - 2022-06-10 12:19:12 --> Array to string conversion
in APPPATH\Controllers\Backend\Auth\Auth.php on line 22.
 1 APPPATH\Controllers\Backend\Auth\Auth.php(22): CodeIgniter\Debug\Exceptions->errorHandler(2, 'Array to string conversion', 'APPPATH\\Controllers\\Backend\\Auth\\Auth.php', 22)
 2 SYSTEMPATH\CodeIgniter.php(898): App\Controllers\Backend\Auth\Auth->index()
 3 SYSTEMPATH\CodeIgniter.php(468): CodeIgniter\CodeIgniter->runController(Object(App\Controllers\Backend\Auth\Auth))
 4 SYSTEMPATH\CodeIgniter.php(351): CodeIgniter\CodeIgniter->handleRequest(null, Object(Config\Cache), false)
 5 FCPATH\index.php(55): CodeIgniter\CodeIgniter->run()
 6 SYSTEMPATH\Commands\Server\rewrite.php(43): require_once('FCPATH\\index.php')
CRITICAL - 2022-06-10 12:22:36 --> Array to string conversion
in APPPATH\Controllers\Backend\Auth\Auth.php on line 22.
 1 APPPATH\Controllers\Backend\Auth\Auth.php(22): CodeIgniter\Debug\Exceptions->errorHandler(2, 'Array to string conversion', 'APPPATH\\Controllers\\Backend\\Auth\\Auth.php', 22)
 2 SYSTEMPATH\CodeIgniter.php(898): App\Controllers\Backend\Auth\Auth->index()
 3 SYSTEMPATH\CodeIgniter.php(468): CodeIgniter\CodeIgniter->runController(Object(App\Controllers\Backend\Auth\Auth))
 4 SYSTEMPATH\CodeIgniter.php(351): CodeIgniter\CodeIgniter->handleRequest(null, Object(Config\Cache), false)
 5 FCPATH\index.php(55): CodeIgniter\CodeIgniter->run()
 6 SYSTEMPATH\Commands\Server\rewrite.php(43): require_once('FCPATH\\index.php')
CRITICAL - 2022-06-10 12:22:54 --> Undefined array key "email"
in APPPATH\Controllers\Backend\Auth\Auth.php on line 22.
 1 APPPATH\Controllers\Backend\Auth\Auth.php(22): CodeIgniter\Debug\Exceptions->errorHandler(2, 'Undefined array key "email"', 'APPPATH\\Controllers\\Backend\\Auth\\Auth.php', 22)
 2 SYSTEMPATH\CodeIgniter.php(898): App\Controllers\Backend\Auth\Auth->index()
 3 SYSTEMPATH\CodeIgniter.php(468): CodeIgniter\CodeIgniter->runController(Object(App\Controllers\Backend\Auth\Auth))
 4 SYSTEMPATH\CodeIgniter.php(351): CodeIgniter\CodeIgniter->handleRequest(null, Object(Config\Cache), false)
 5 FCPATH\index.php(55): CodeIgniter\CodeIgniter->run()
 6 SYSTEMPATH\Commands\Server\rewrite.php(43): require_once('FCPATH\\index.php')
CRITICAL - 2022-06-10 12:23:45 --> Array to string conversion
in APPPATH\Controllers\Backend\Auth\Auth.php on line 22.
 1 APPPATH\Controllers\Backend\Auth\Auth.php(22): CodeIgniter\Debug\Exceptions->errorHandler(2, 'Array to string conversion', 'APPPATH\\Controllers\\Backend\\Auth\\Auth.php', 22)
 2 SYSTEMPATH\CodeIgniter.php(898): App\Controllers\Backend\Auth\Auth->index()
 3 SYSTEMPATH\CodeIgniter.php(468): CodeIgniter\CodeIgniter->runController(Object(App\Controllers\Backend\Auth\Auth))
 4 SYSTEMPATH\CodeIgniter.php(351): CodeIgniter\CodeIgniter->handleRequest(null, Object(Config\Cache), false)
 5 FCPATH\index.php(55): CodeIgniter\CodeIgniter->run()
 6 SYSTEMPATH\Commands\Server\rewrite.php(43): require_once('FCPATH\\index.php')
CRITICAL - 2022-06-10 12:23:55 --> Array to string conversion
in APPPATH\Controllers\Backend\Auth\Auth.php on line 22.
 1 APPPATH\Controllers\Backend\Auth\Auth.php(22): CodeIgniter\Debug\Exceptions->errorHandler(2, 'Array to string conversion', 'APPPATH\\Controllers\\Backend\\Auth\\Auth.php', 22)
 2 SYSTEMPATH\CodeIgniter.php(898): App\Controllers\Backend\Auth\Auth->index()
 3 SYSTEMPATH\CodeIgniter.php(468): CodeIgniter\CodeIgniter->runController(Object(App\Controllers\Backend\Auth\Auth))
 4 SYSTEMPATH\CodeIgniter.php(351): CodeIgniter\CodeIgniter->handleRequest(null, Object(Config\Cache), false)
 5 FCPATH\index.php(55): CodeIgniter\CodeIgniter->run()
 6 SYSTEMPATH\Commands\Server\rewrite.php(43): require_once('FCPATH\\index.php')
CRITICAL - 2022-06-10 12:30:54 --> Undefined property: App\Controllers\Backend\Auth\Auth::$auth
in APPPATH\Controllers\Backend\Auth\Auth.php on line 21.
 1 APPPATH\Controllers\Backend\Auth\Auth.php(21): CodeIgniter\Debug\Exceptions->errorHandler(2, 'Undefined property: App\\Controllers\\Backend\\Auth\\Auth::$auth', 'APPPATH\\Controllers\\Backend\\Auth\\Auth.php', 21)
 2 SYSTEMPATH\CodeIgniter.php(898): App\Controllers\Backend\Auth\Auth->index()
 3 SYSTEMPATH\CodeIgniter.php(468): CodeIgniter\CodeIgniter->runController(Object(App\Controllers\Backend\Auth\Auth))
 4 SYSTEMPATH\CodeIgniter.php(351): CodeIgniter\CodeIgniter->handleRequest(null, Object(Config\Cache), false)
 5 FCPATH\index.php(55): CodeIgniter\CodeIgniter->run()
 6 SYSTEMPATH\Commands\Server\rewrite.php(43): require_once('FCPATH\\index.php')
CRITICAL - 2022-06-10 12:31:19 --> Call to undefined method App\Models\AuthModel::check_login
in SYSTEMPATH\Model.php on line 773.
 1 APPPATH\Controllers\Backend\Auth\Auth.php(21): CodeIgniter\Model->__call('check_login', [...])
 2 SYSTEMPATH\CodeIgniter.php(898): App\Controllers\Backend\Auth\Auth->index()
 3 SYSTEMPATH\CodeIgniter.php(468): CodeIgniter\CodeIgniter->runController(Object(App\Controllers\Backend\Auth\Auth))
 4 SYSTEMPATH\CodeIgniter.php(351): CodeIgniter\CodeIgniter->handleRequest(null, Object(Config\Cache), false)
 5 FCPATH\index.php(55): CodeIgniter\CodeIgniter->run()
 6 SYSTEMPATH\Commands\Server\rewrite.php(43): require_once('FCPATH\\index.php')
CRITICAL - 2022-06-10 12:43:16 --> Call to undefined method App\Models\AuthModel::check_login
in SYSTEMPATH\Model.php on line 773.
 1 APPPATH\Controllers\Backend\Auth\Auth.php(19): CodeIgniter\Model->__call('check_login', [...])
 2 SYSTEMPATH\CodeIgniter.php(898): App\Controllers\Backend\Auth\Auth->index()
 3 SYSTEMPATH\CodeIgniter.php(468): CodeIgniter\CodeIgniter->runController(Object(App\Controllers\Backend\Auth\Auth))
 4 SYSTEMPATH\CodeIgniter.php(351): CodeIgniter\CodeIgniter->handleRequest(null, Object(Config\Cache), false)
 5 FCPATH\index.php(55): CodeIgniter\CodeIgniter->run()
 6 SYSTEMPATH\Commands\Server\rewrite.php(43): require_once('FCPATH\\index.php')
CRITICAL - 2022-06-10 13:15:04 --> Trying to access array offset on value of type null
in APPPATH\Controllers\Backend\Auth\Auth.php on line 43.
 1 APPPATH\Controllers\Backend\Auth\Auth.php(43): CodeIgniter\Debug\Exceptions->errorHandler(2, 'Trying to access array offset on value of type null', 'APPPATH\\Controllers\\Backend\\Auth\\Auth.php', 43)
 2 SYSTEMPATH\CodeIgniter.php(898): App\Controllers\Backend\Auth\Auth->index()
 3 SYSTEMPATH\CodeIgniter.php(468): CodeIgniter\CodeIgniter->runController(Object(App\Controllers\Backend\Auth\Auth))
 4 SYSTEMPATH\CodeIgniter.php(351): CodeIgniter\CodeIgniter->handleRequest(null, Object(Config\Cache), false)
 5 FCPATH\index.php(55): CodeIgniter\CodeIgniter->run()
 6 SYSTEMPATH\Commands\Server\rewrite.php(43): require_once('FCPATH\\index.php')
CRITICAL - 2022-06-10 23:47:50 --> Trying to access array offset on value of type null
in APPPATH\Controllers\Backend\Auth\Auth.php on line 43.
 1 APPPATH\Controllers\Backend\Auth\Auth.php(43): CodeIgniter\Debug\Exceptions->errorHandler(2, 'Trying to access array offset on value of type null', 'APPPATH\\Controllers\\Backend\\Auth\\Auth.php', 43)
 2 SYSTEMPATH\CodeIgniter.php(898): App\Controllers\Backend\Auth\Auth->index()
 3 SYSTEMPATH\CodeIgniter.php(468): CodeIgniter\CodeIgniter->runController(Object(App\Controllers\Backend\Auth\Auth))
 4 SYSTEMPATH\CodeIgniter.php(351): CodeIgniter\CodeIgniter->handleRequest(null, Object(Config\Cache), false)
 5 FCPATH\index.php(55): CodeIgniter\CodeIgniter->run()
 6 SYSTEMPATH\Commands\Server\rewrite.php(43): require_once('FCPATH\\index.php')
CRITICAL - 2022-06-10 23:48:38 --> Trying to access array offset on value of type null
in APPPATH\Controllers\Backend\Auth\Auth.php on line 43.
 1 APPPATH\Controllers\Backend\Auth\Auth.php(43): CodeIgniter\Debug\Exceptions->errorHandler(2, 'Trying to access array offset on value of type null', 'APPPATH\\Controllers\\Backend\\Auth\\Auth.php', 43)
 2 SYSTEMPATH\CodeIgniter.php(898): App\Controllers\Backend\Auth\Auth->index()
 3 SYSTEMPATH\CodeIgniter.php(468): CodeIgniter\CodeIgniter->runController(Object(App\Controllers\Backend\Auth\Auth))
 4 SYSTEMPATH\CodeIgniter.php(351): CodeIgniter\CodeIgniter->handleRequest(null, Object(Config\Cache), false)
 5 FCPATH\index.php(55): CodeIgniter\CodeIgniter->run()
 6 SYSTEMPATH\Commands\Server\rewrite.php(43): require_once('FCPATH\\index.php')
